<?xml version="1.0" encoding="UTF-8"?>
<testng-results skipped="0" failed="0" ignored="0" total="1" passed="1">
  <reporter-output>
    <line>
      <![CDATA[TestforgetPassword is passed]]>
    </line>
  </reporter-output>
  <suite name="Default suite" duration-ms="41095" started-at="2020-08-10T06:06:53Z" finished-at="2020-08-10T06:07:34Z">
    <groups>
    </groups>
    <test name="Default test" duration-ms="41095" started-at="2020-08-10T06:06:53Z" finished-at="2020-08-10T06:07:34Z">
      <class name="org.qsp.testPom.TC_03">
        <test-method status="PASS" signature="openApp()[pri:0, instance:org.qsp.testPom.TC_03@14acaea5]" name="openApp" is-config="true" duration-ms="24457" started-at="2020-08-10T06:06:53Z" finished-at="2020-08-10T06:07:17Z">
          <reporter-output>
          </reporter-output>
        </test-method> <!-- openApp -->
        <test-method status="PASS" signature="forgetPassword()[pri:0, instance:org.qsp.testPom.TC_03@14acaea5]" name="forgetPassword" duration-ms="2419" started-at="2020-08-10T06:07:17Z" finished-at="2020-08-10T06:07:20Z">
          <reporter-output>
          </reporter-output>
        </test-method> <!-- forgetPassword -->
        <test-method status="PASS" signature="closeApp(org.testng.ITestResult)[pri:0, instance:org.qsp.testPom.TC_03@14acaea5]" name="closeApp" is-config="true" duration-ms="14162" started-at="2020-08-10T06:07:20Z" finished-at="2020-08-10T06:07:34Z">
          <params>
            <param index="0">
              <value>
                <![CDATA[[TestResult name=forgetPassword status=SUCCESS method=TC_03.forgetPassword()[pri:0, instance:org.qsp.testPom.TC_03@14acaea5] output={null}]]]>
              </value>
            </param>
          </params>
          <reporter-output>
            <line>
              <![CDATA[TestforgetPassword is passed]]>
            </line>
          </reporter-output>
        </test-method> <!-- closeApp -->
      </class> <!-- org.qsp.testPom.TC_03 -->
    </test> <!-- Default test -->
  </suite> <!-- Default suite -->
</testng-results>
